<?xml version="1.0" encoding="UTF-8"?>
<!-- Generated by org.testng.reporters.JUnitXMLReporter -->
<testsuite hostname="DESKTOP-RHOFPV4" ignored="0" name="Default test" tests="4" failures="0" timestamp="2020-06-11T23:28:59 CDT" time="107.142" errors="0">
  <testcase name="ValidateHomePage" time="19.661" classname="Sample.End2EndProject.HomePageTest"/>
  <testcase name="ValidateLogin" time="29.005" classname="Sample.End2EndProject.HomePageTest"/>
  <testcase name="ValidateLogin" time="28.31" classname="Sample.End2EndProject.HomePageTest"/>
  <testcase name="ValidateLogin" time="0.003" classname="Sample.End2EndProject.HomePageTest"/>
</testsuite> <!-- Default test -->
