<?xml version="1.0" encoding="UTF-8"?>
<testng-results skipped="0" failed="0" ignored="0" total="1" passed="1">
  <reporter-output>
  </reporter-output>
  <suite name="Default suite" duration-ms="59607" started-at="2020-05-19T08:51:50 CDT" finished-at="2020-05-19T08:52:50 CDT">
    <groups>
    </groups>
    <test name="Default test" duration-ms="59607" started-at="2020-05-19T08:51:50 CDT" finished-at="2020-05-19T08:52:50 CDT">
      <class name="Sample.End2EndProject.validationTest">
        <test-method status="PASS" signature="initialize()[pri:0, instance:Sample.End2EndProject.validationTest@711f39f9]" name="initialize" is-config="true" duration-ms="33871" started-at="2020-05-19T08:51:50 CDT" finished-at="2020-05-19T08:52:24 CDT">
          <reporter-output>
          </reporter-output>
        </test-method> <!-- initialize -->
        <test-method status="PASS" signature="ValidateHomePage()[pri:0, instance:Sample.End2EndProject.validationTest@711f39f9]" name="ValidateHomePage" duration-ms="18531" started-at="2020-05-19T08:52:24 CDT" finished-at="2020-05-19T08:52:43 CDT">
          <reporter-output>
          </reporter-output>
        </test-method> <!-- ValidateHomePage -->
        <test-method status="PASS" signature="teardown()[pri:0, instance:Sample.End2EndProject.validationTest@711f39f9]" name="teardown" is-config="true" duration-ms="7122" started-at="2020-05-19T08:52:43 CDT" finished-at="2020-05-19T08:52:50 CDT">
          <reporter-output>
          </reporter-output>
        </test-method> <!-- teardown -->
      </class> <!-- Sample.End2EndProject.validationTest -->
    </test> <!-- Default test -->
  </suite> <!-- Default suite -->
</testng-results>
